<?xml version="1.0" encoding="UTF-8"?>
<testsuite name="com.ptc.baxter.test.Claria.ClariaTestCase1" tests="1" skipped="0" failures="0" errors="0" timestamp="2020-09-25T09:20:56" hostname="TW119708-01" time="3.221">
  <properties/>
  <testcase name="quickTest" classname="com.ptc.baxter.test.Claria.ClariaTestCase1" time="3.221"/>
  <system-out><![CDATA[{"dataShape":{"fieldDefinitions":{"result":{"name":"result","description":"","baseType":"BOOLEAN","ordinal":0,"aspects":{}}}},"rows":[{"result":true}]}
]]></system-out>
  <system-err><![CDATA[SLF4J: Failed to load class "org.slf4j.impl.StaticLoggerBinder".
SLF4J: Defaulting to no-operation (NOP) logger implementation
SLF4J: See http://www.slf4j.org/codes.html#StaticLoggerBinder for further details.
]]></system-err>
</testsuite>
