<?xml version="1.0" encoding="UTF-8"?>
<testsuite name="com.ptc.baxter.test.Claria.ClariaTestCase1" tests="6" skipped="0" failures="2" errors="0" timestamp="2020-09-24T08:06:47" hostname="L1347" time="473.995">
  <properties/>
  <testcase name="testRequestAndDownloadSettingsFile" classname="com.ptc.baxter.test.Claria.ClariaTestCase1" time="89.914">
    <failure message="java.net.ConnectException: Connection timed out: connect" type="java.net.ConnectException">java.net.ConnectException: Connection timed out: connect
	at java.net.DualStackPlainSocketImpl.connect0(Native Method)
	at java.net.DualStackPlainSocketImpl.socketConnect(DualStackPlainSocketImpl.java:79)
	at java.net.AbstractPlainSocketImpl.doConnect(AbstractPlainSocketImpl.java:350)
	at java.net.AbstractPlainSocketImpl.connectToAddress(AbstractPlainSocketImpl.java:206)
	at java.net.AbstractPlainSocketImpl.connect(AbstractPlainSocketImpl.java:188)
	at java.net.PlainSocketImpl.connect(PlainSocketImpl.java:172)
	at java.net.SocksSocketImpl.connect(SocksSocketImpl.java:392)
	at java.net.Socket.connect(Socket.java:606)
	at org.apache.http.conn.ssl.SSLSocketFactory.connectSocket(SSLSocketFactory.java:542)
	at org.apache.http.conn.ssl.SSLSocketFactory.connectSocket(SSLSocketFactory.java:414)
	at org.apache.http.impl.conn.DefaultClientConnectionOperator.openConnection(DefaultClientConnectionOperator.java:180)
	at org.apache.http.impl.conn.ManagedClientConnectionImpl.open(ManagedClientConnectionImpl.java:326)
	at org.apache.http.impl.client.DefaultRequestDirector.tryConnect(DefaultRequestDirector.java:610)
	at org.apache.http.impl.client.DefaultRequestDirector.execute(DefaultRequestDirector.java:445)
	at org.apache.http.impl.client.AbstractHttpClient.doExecute(AbstractHttpClient.java:835)
	at org.apache.http.impl.client.CloseableHttpClient.execute(CloseableHttpClient.java:83)
	at org.apache.http.impl.client.CloseableHttpClient.execute(CloseableHttpClient.java:56)
	at org.apache.http.client.HttpClient$execute$0.call(Unknown Source)
	at io.restassured.internal.RequestSpecificationImpl$RestAssuredHttpBuilder.doRequest(RequestSpecificationImpl.groovy:2055)
	at io.restassured.internal.http.HTTPBuilder.doRequest(HTTPBuilder.java:495)
	at io.restassured.internal.http.HTTPBuilder.request(HTTPBuilder.java:452)
	at io.restassured.internal.http.HTTPBuilder$request$2.call(Unknown Source)
	at io.restassured.internal.RequestSpecificationImpl.sendHttpRequest(RequestSpecificationImpl.groovy:1451)
	at sun.reflect.GeneratedMethodAccessor125.invoke(Unknown Source)
	at sun.reflect.DelegatingMethodAccessorImpl.invoke(DelegatingMethodAccessorImpl.java:43)
	at java.lang.reflect.Method.invoke(Method.java:498)
	at org.codehaus.groovy.reflection.CachedMethod.invoke(CachedMethod.java:107)
	at groovy.lang.MetaMethod.doMethodInvoke(MetaMethod.java:323)
	at groovy.lang.MetaClassImpl.invokeMethod(MetaClassImpl.java:1262)
	at groovy.lang.MetaClassImpl.invokeMethod(MetaClassImpl.java:1029)
	at groovy.lang.MetaClassImpl.invokeMethod(MetaClassImpl.java:816)
	at groovy.lang.GroovyObject.invokeMethod(GroovyObject.java:39)
	at org.codehaus.groovy.runtime.callsite.PogoInterceptableSite.call(PogoInterceptableSite.java:45)
	at org.codehaus.groovy.runtime.callsite.PogoInterceptableSite.callCurrent(PogoInterceptableSite.java:55)
	at io.restassured.internal.RequestSpecificationImpl.sendRequest(RequestSpecificationImpl.groovy:1200)
	at sun.reflect.GeneratedMethodAccessor73.invoke(Unknown Source)
	at sun.reflect.DelegatingMethodAccessorImpl.invoke(DelegatingMethodAccessorImpl.java:43)
	at java.lang.reflect.Method.invoke(Method.java:498)
	at org.codehaus.groovy.reflection.CachedMethod.invoke(CachedMethod.java:107)
	at groovy.lang.MetaMethod.doMethodInvoke(MetaMethod.java:323)
	at groovy.lang.MetaClassImpl.invokeMethod(MetaClassImpl.java:1262)
	at groovy.lang.MetaClassImpl.invokeMethod(MetaClassImpl.java:1029)
	at groovy.lang.MetaClassImpl.invokeMethod(MetaClassImpl.java:816)
	at groovy.lang.GroovyObject.invokeMethod(GroovyObject.java:39)
	at org.codehaus.groovy.runtime.callsite.PogoInterceptableSite.call(PogoInterceptableSite.java:45)
	at org.codehaus.groovy.runtime.callsite.AbstractCallSite.call(AbstractCallSite.java:166)
	at io.restassured.internal.filter.SendRequestFilter.filter(SendRequestFilter.groovy:30)
	at io.restassured.filter.Filter$filter$0.call(Unknown Source)
	at org.codehaus.groovy.runtime.callsite.CallSiteArray.defaultCall(CallSiteArray.java:47)
	at io.restassured.filter.Filter$filter.call(Unknown Source)
	at io.restassured.internal.filter.FilterContextImpl.next(FilterContextImpl.groovy:72)
	at io.restassured.filter.time.TimingFilter.filter(TimingFilter.java:56)
	at io.restassured.filter.Filter$filter.call(Unknown Source)
	at org.codehaus.groovy.runtime.callsite.CallSiteArray.defaultCall(CallSiteArray.java:47)
	at io.restassured.filter.Filter$filter$0.call(Unknown Source)
	at io.restassured.internal.filter.FilterContextImpl.next(FilterContextImpl.groovy:72)
	at io.restassured.filter.FilterContext$next.call(Unknown Source)
	at io.restassured.internal.RequestSpecificationImpl.applyPathParamsAndSendRequest(RequestSpecificationImpl.groovy:1655)
	at sun.reflect.GeneratedMethodAccessor66.invoke(Unknown Source)
	at sun.reflect.DelegatingMethodAccessorImpl.invoke(DelegatingMethodAccessorImpl.java:43)
	at java.lang.reflect.Method.invoke(Method.java:498)
	at org.codehaus.groovy.reflection.CachedMethod.invoke(CachedMethod.java:107)
	at groovy.lang.MetaMethod.doMethodInvoke(MetaMethod.java:323)
	at groovy.lang.MetaClassImpl.invokeMethod(MetaClassImpl.java:1262)
	at groovy.lang.MetaClassImpl.invokeMethod(MetaClassImpl.java:1029)
	at groovy.lang.MetaClassImpl.invokeMethod(MetaClassImpl.java:816)
	at groovy.lang.GroovyObject.invokeMethod(GroovyObject.java:39)
	at org.codehaus.groovy.runtime.callsite.PogoInterceptableSite.call(PogoInterceptableSite.java:45)
	at org.codehaus.groovy.runtime.callsite.PogoInterceptableSite.callCurrent(PogoInterceptableSite.java:55)
	at org.codehaus.groovy.runtime.callsite.AbstractCallSite.callCurrent(AbstractCallSite.java:203)
	at io.restassured.internal.RequestSpecificationImpl.applyPathParamsAndSendRequest(RequestSpecificationImpl.groovy:1661)
	at sun.reflect.GeneratedMethodAccessor65.invoke(Unknown Source)
	at sun.reflect.DelegatingMethodAccessorImpl.invoke(DelegatingMethodAccessorImpl.java:43)
	at java.lang.reflect.Method.invoke(Method.java:498)
	at org.codehaus.groovy.reflection.CachedMethod.invoke(CachedMethod.java:107)
	at groovy.lang.MetaMethod.doMethodInvoke(MetaMethod.java:323)
	at groovy.lang.MetaClassImpl.invokeMethod(MetaClassImpl.java:1262)
	at groovy.lang.MetaClassImpl.invokeMethod(MetaClassImpl.java:1029)
	at groovy.lang.MetaClassImpl.invokeMethod(MetaClassImpl.java:816)
	at groovy.lang.GroovyObject.invokeMethod(GroovyObject.java:39)
	at org.codehaus.groovy.runtime.callsite.PogoInterceptableSite.call(PogoInterceptableSite.java:45)
	at org.codehaus.groovy.runtime.callsite.PogoInterceptableSite.callCurrent(PogoInterceptableSite.java:55)
	at org.codehaus.groovy.runtime.callsite.AbstractCallSite.callCurrent(AbstractCallSite.java:203)
	at io.restassured.internal.RequestSpecificationImpl.get(RequestSpecificationImpl.groovy:171)
	at io.restassured.internal.RequestSpecificationImpl.get(RequestSpecificationImpl.groovy)
	at sun.reflect.GeneratedMethodAccessor130.invoke(Unknown Source)
	at sun.reflect.DelegatingMethodAccessorImpl.invoke(DelegatingMethodAccessorImpl.java:43)
	at java.lang.reflect.Method.invoke(Method.java:498)
	at org.codehaus.groovy.reflection.CachedMethod.invoke(CachedMethod.java:107)
	at groovy.lang.MetaMethod.doMethodInvoke(MetaMethod.java:323)
	at groovy.lang.MetaClassImpl.invokeMethod(MetaClassImpl.java:1262)
	at groovy.lang.MetaClassImpl.invokeMethod(MetaClassImpl.java:1029)
	at groovy.lang.MetaClassImpl.invokeMethod(MetaClassImpl.java:816)
	at groovy.lang.GroovyObject.invokeMethod(GroovyObject.java:39)
	at org.codehaus.groovy.runtime.callsite.PogoInterceptableSite.call(PogoInterceptableSite.java:45)
	at org.codehaus.groovy.runtime.callsite.PogoInterceptableSite.callCurrent(PogoInterceptableSite.java:55)
	at org.codehaus.groovy.runtime.callsite.AbstractCallSite.callCurrent(AbstractCallSite.java:185)
	at io.restassured.internal.RequestSpecificationImpl.get(RequestSpecificationImpl.groovy:255)
	at io.restassured.internal.RequestSpecificationImpl.get(RequestSpecificationImpl.groovy)
	at com.baxter.ptc.twx.core.TWXServices.getClariaProperty(TWXServices.java:62)
	at com.ptc.baxter.test.Claria.ClariaTestCase1.testRequestAndDownloadSettingsFile(ClariaTestCase1.java:118)
	at sun.reflect.NativeMethodAccessorImpl.invoke0(Native Method)
	at sun.reflect.NativeMethodAccessorImpl.invoke(NativeMethodAccessorImpl.java:62)
	at sun.reflect.DelegatingMethodAccessorImpl.invoke(DelegatingMethodAccessorImpl.java:43)
	at java.lang.reflect.Method.invoke(Method.java:498)
	at org.junit.runners.model.FrameworkMethod$1.runReflectiveCall(FrameworkMethod.java:50)
	at org.junit.internal.runners.model.ReflectiveCallable.run(ReflectiveCallable.java:12)
	at org.junit.runners.model.FrameworkMethod.invokeExplosively(FrameworkMethod.java:47)
	at org.junit.internal.runners.statements.InvokeMethod.evaluate(InvokeMethod.java:17)
	at org.junit.runners.ParentRunner.runLeaf(ParentRunner.java:325)
	at org.junit.runners.BlockJUnit4ClassRunner.runChild(BlockJUnit4ClassRunner.java:78)
	at org.junit.runners.BlockJUnit4ClassRunner.runChild(BlockJUnit4ClassRunner.java:57)
	at org.junit.runners.ParentRunner$3.run(ParentRunner.java:290)
	at org.junit.runners.ParentRunner$1.schedule(ParentRunner.java:71)
	at org.junit.runners.ParentRunner.runChildren(ParentRunner.java:288)
	at org.junit.runners.ParentRunner.access$000(ParentRunner.java:58)
	at org.junit.runners.ParentRunner$2.evaluate(ParentRunner.java:268)
	at org.junit.runners.ParentRunner.run(ParentRunner.java:363)
	at org.gradle.api.internal.tasks.testing.junit.JUnitTestClassExecutor.runTestClass(JUnitTestClassExecutor.java:110)
	at org.gradle.api.internal.tasks.testing.junit.JUnitTestClassExecutor.execute(JUnitTestClassExecutor.java:58)
	at org.gradle.api.internal.tasks.testing.junit.JUnitTestClassExecutor.execute(JUnitTestClassExecutor.java:38)
	at org.gradle.api.internal.tasks.testing.junit.AbstractJUnitTestClassProcessor.processTestClass(AbstractJUnitTestClassProcessor.java:62)
	at org.gradle.api.internal.tasks.testing.SuiteTestClassProcessor.processTestClass(SuiteTestClassProcessor.java:51)
	at sun.reflect.NativeMethodAccessorImpl.invoke0(Native Method)
	at sun.reflect.NativeMethodAccessorImpl.invoke(NativeMethodAccessorImpl.java:62)
	at sun.reflect.DelegatingMethodAccessorImpl.invoke(DelegatingMethodAccessorImpl.java:43)
	at java.lang.reflect.Method.invoke(Method.java:498)
	at org.gradle.internal.dispatch.ReflectionDispatch.dispatch(ReflectionDispatch.java:36)
	at org.gradle.internal.dispatch.ReflectionDispatch.dispatch(ReflectionDispatch.java:24)
	at org.gradle.internal.dispatch.ContextClassLoaderDispatch.dispatch(ContextClassLoaderDispatch.java:33)
	at org.gradle.internal.dispatch.ProxyDispatchAdapter$DispatchingInvocationHandler.invoke(ProxyDispatchAdapter.java:94)
	at com.sun.proxy.$Proxy2.processTestClass(Unknown Source)
	at org.gradle.api.internal.tasks.testing.worker.TestWorker.processTestClass(TestWorker.java:118)
	at sun.reflect.NativeMethodAccessorImpl.invoke0(Native Method)
	at sun.reflect.NativeMethodAccessorImpl.invoke(NativeMethodAccessorImpl.java:62)
	at sun.reflect.DelegatingMethodAccessorImpl.invoke(DelegatingMethodAccessorImpl.java:43)
	at java.lang.reflect.Method.invoke(Method.java:498)
	at org.gradle.internal.dispatch.ReflectionDispatch.dispatch(ReflectionDispatch.java:36)
	at org.gradle.internal.dispatch.ReflectionDispatch.dispatch(ReflectionDispatch.java:24)
	at org.gradle.internal.remote.internal.hub.MessageHubBackedObjectConnection$DispatchWrapper.dispatch(MessageHubBackedObjectConnection.java:182)
	at org.gradle.internal.remote.internal.hub.MessageHubBackedObjectConnection$DispatchWrapper.dispatch(MessageHubBackedObjectConnection.java:164)
	at org.gradle.internal.remote.internal.hub.MessageHub$Handler.run(MessageHub.java:412)
	at org.gradle.internal.concurrent.ExecutorPolicy$CatchAndRecordFailures.onExecute(ExecutorPolicy.java:64)
	at org.gradle.internal.concurrent.ManagedExecutorImpl$1.run(ManagedExecutorImpl.java:48)
	at java.util.concurrent.ThreadPoolExecutor.runWorker(ThreadPoolExecutor.java:1149)
	at java.util.concurrent.ThreadPoolExecutor$Worker.run(ThreadPoolExecutor.java:624)
	at org.gradle.internal.concurrent.ThreadFactoryImpl$ManagedThreadRunnable.run(ThreadFactoryImpl.java:56)
	at java.lang.Thread.run(Thread.java:748)
</failure>
  </testcase>
  <testcase name="testUploadTreamentFile" classname="com.ptc.baxter.test.Claria.ClariaTestCase1" time="22.539"/>
  <testcase name="testIsReporting" classname="com.ptc.baxter.test.Claria.ClariaTestCase1" time="302.763">
    <failure message="java.lang.AssertionError: expected:&lt;false&gt; but was:&lt;true&gt;" type="java.lang.AssertionError">java.lang.AssertionError: expected:&lt;false&gt; but was:&lt;true&gt;
	at org.junit.Assert.fail(Assert.java:88)
	at org.junit.Assert.failNotEquals(Assert.java:834)
	at org.junit.Assert.assertEquals(Assert.java:118)
	at org.junit.Assert.assertEquals(Assert.java:144)
	at com.ptc.baxter.test.Claria.ClariaTestCase1.testIsReporting(ClariaTestCase1.java:156)
	at sun.reflect.NativeMethodAccessorImpl.invoke0(Native Method)
	at sun.reflect.NativeMethodAccessorImpl.invoke(NativeMethodAccessorImpl.java:62)
	at sun.reflect.DelegatingMethodAccessorImpl.invoke(DelegatingMethodAccessorImpl.java:43)
	at java.lang.reflect.Method.invoke(Method.java:498)
	at org.junit.runners.model.FrameworkMethod$1.runReflectiveCall(FrameworkMethod.java:50)
	at org.junit.internal.runners.model.ReflectiveCallable.run(ReflectiveCallable.java:12)
	at org.junit.runners.model.FrameworkMethod.invokeExplosively(FrameworkMethod.java:47)
	at org.junit.internal.runners.statements.InvokeMethod.evaluate(InvokeMethod.java:17)
	at org.junit.runners.ParentRunner.runLeaf(ParentRunner.java:325)
	at org.junit.runners.BlockJUnit4ClassRunner.runChild(BlockJUnit4ClassRunner.java:78)
	at org.junit.runners.BlockJUnit4ClassRunner.runChild(BlockJUnit4ClassRunner.java:57)
	at org.junit.runners.ParentRunner$3.run(ParentRunner.java:290)
	at org.junit.runners.ParentRunner$1.schedule(ParentRunner.java:71)
	at org.junit.runners.ParentRunner.runChildren(ParentRunner.java:288)
	at org.junit.runners.ParentRunner.access$000(ParentRunner.java:58)
	at org.junit.runners.ParentRunner$2.evaluate(ParentRunner.java:268)
	at org.junit.runners.ParentRunner.run(ParentRunner.java:363)
	at org.gradle.api.internal.tasks.testing.junit.JUnitTestClassExecutor.runTestClass(JUnitTestClassExecutor.java:110)
	at org.gradle.api.internal.tasks.testing.junit.JUnitTestClassExecutor.execute(JUnitTestClassExecutor.java:58)
	at org.gradle.api.internal.tasks.testing.junit.JUnitTestClassExecutor.execute(JUnitTestClassExecutor.java:38)
	at org.gradle.api.internal.tasks.testing.junit.AbstractJUnitTestClassProcessor.processTestClass(AbstractJUnitTestClassProcessor.java:62)
	at org.gradle.api.internal.tasks.testing.SuiteTestClassProcessor.processTestClass(SuiteTestClassProcessor.java:51)
	at sun.reflect.NativeMethodAccessorImpl.invoke0(Native Method)
	at sun.reflect.NativeMethodAccessorImpl.invoke(NativeMethodAccessorImpl.java:62)
	at sun.reflect.DelegatingMethodAccessorImpl.invoke(DelegatingMethodAccessorImpl.java:43)
	at java.lang.reflect.Method.invoke(Method.java:498)
	at org.gradle.internal.dispatch.ReflectionDispatch.dispatch(ReflectionDispatch.java:36)
	at org.gradle.internal.dispatch.ReflectionDispatch.dispatch(ReflectionDispatch.java:24)
	at org.gradle.internal.dispatch.ContextClassLoaderDispatch.dispatch(ContextClassLoaderDispatch.java:33)
	at org.gradle.internal.dispatch.ProxyDispatchAdapter$DispatchingInvocationHandler.invoke(ProxyDispatchAdapter.java:94)
	at com.sun.proxy.$Proxy2.processTestClass(Unknown Source)
	at org.gradle.api.internal.tasks.testing.worker.TestWorker.processTestClass(TestWorker.java:118)
	at sun.reflect.NativeMethodAccessorImpl.invoke0(Native Method)
	at sun.reflect.NativeMethodAccessorImpl.invoke(NativeMethodAccessorImpl.java:62)
	at sun.reflect.DelegatingMethodAccessorImpl.invoke(DelegatingMethodAccessorImpl.java:43)
	at java.lang.reflect.Method.invoke(Method.java:498)
	at org.gradle.internal.dispatch.ReflectionDispatch.dispatch(ReflectionDispatch.java:36)
	at org.gradle.internal.dispatch.ReflectionDispatch.dispatch(ReflectionDispatch.java:24)
	at org.gradle.internal.remote.internal.hub.MessageHubBackedObjectConnection$DispatchWrapper.dispatch(MessageHubBackedObjectConnection.java:182)
	at org.gradle.internal.remote.internal.hub.MessageHubBackedObjectConnection$DispatchWrapper.dispatch(MessageHubBackedObjectConnection.java:164)
	at org.gradle.internal.remote.internal.hub.MessageHub$Handler.run(MessageHub.java:412)
	at org.gradle.internal.concurrent.ExecutorPolicy$CatchAndRecordFailures.onExecute(ExecutorPolicy.java:64)
	at org.gradle.internal.concurrent.ManagedExecutorImpl$1.run(ManagedExecutorImpl.java:48)
	at java.util.concurrent.ThreadPoolExecutor.runWorker(ThreadPoolExecutor.java:1149)
	at java.util.concurrent.ThreadPoolExecutor$Worker.run(ThreadPoolExecutor.java:624)
	at org.gradle.internal.concurrent.ThreadFactoryImpl$ManagedThreadRunnable.run(ThreadFactoryImpl.java:56)
	at java.lang.Thread.run(Thread.java:748)
</failure>
  </testcase>
  <testcase name="testUpdateRegisterAndGetProperty" classname="com.ptc.baxter.test.Claria.ClariaTestCase1" time="9.873"/>
  <testcase name="testUpdateAndGetProperties" classname="com.ptc.baxter.test.Claria.ClariaTestCase1" time="43.913"/>
  <testcase name="testRegisterDevice" classname="com.ptc.baxter.test.Claria.ClariaTestCase1" time="4.993"/>
  <system-out><![CDATA[{}
{"dataShape":{"fieldDefinitions":{"SettingsRequestStatus":{"name":"SettingsRequestStatus","description":"","baseType":"STRING","ordinal":2,"aspects":{"isPersistent":true,"dataChangeType":"VALUE","cacheTime":0.0}}}},"rows":[{"SettingsRequestStatus":"IDLE"}]}
{"dataShape":{"fieldDefinitions":{"result":{"name":"result","description":"","baseType":"BOOLEAN","ordinal":0,"aspects":{}}}},"rows":[{"result":true}]}
{"dataShape":{"fieldDefinitions":{"SettingsRequestStatus":{"name":"SettingsRequestStatus","description":"","baseType":"STRING","ordinal":2,"aspects":{"isPersistent":true,"dataChangeType":"VALUE","cacheTime":0.0}}}},"rows":[{"SettingsRequestStatus":"IDLE"}]}
{"dataShape":{"fieldDefinitions":{"SettingsRequestStatus":{"name":"SettingsRequestStatus","description":"","baseType":"STRING","ordinal":2,"aspects":{"isPersistent":true,"dataChangeType":"VALUE","cacheTime":0.0}}}},"rows":[{"SettingsRequestStatus":"IDLE"}]}
{"dataShape":{"fieldDefinitions":{"SettingsRequestStatus":{"name":"SettingsRequestStatus","description":"","baseType":"STRING","ordinal":2,"aspects":{"isPersistent":true,"dataChangeType":"VALUE","cacheTime":0.0}}}},"rows":[{"SettingsRequestStatus":"IDLE"}]}
{"dataShape":{"fieldDefinitions":{"SettingsRequestStatus":{"name":"SettingsRequestStatus","description":"","baseType":"STRING","ordinal":2,"aspects":{"isPersistent":true,"dataChangeType":"VALUE","cacheTime":0.0}}}},"rows":[{"SettingsRequestStatus":"IDLE"}]}
{"dataShape":{"fieldDefinitions":{"SettingsRequestStatus":{"name":"SettingsRequestStatus","description":"","baseType":"STRING","ordinal":2,"aspects":{"isPersistent":true,"dataChangeType":"VALUE","cacheTime":0.0}}}},"rows":[{"SettingsRequestStatus":"IDLE"}]}
{"dataShape":{"fieldDefinitions":{"SettingsRequestStatus":{"name":"SettingsRequestStatus","description":"","baseType":"STRING","ordinal":2,"aspects":{"isPersistent":true,"dataChangeType":"VALUE","cacheTime":0.0}}}},"rows":[{"SettingsRequestStatus":"IDLE"}]}
{"dataShape":{"fieldDefinitions":{"SettingsRequestStatus":{"name":"SettingsRequestStatus","description":"","baseType":"STRING","ordinal":2,"aspects":{"isPersistent":true,"dataChangeType":"VALUE","cacheTime":0.0}}}},"rows":[{"SettingsRequestStatus":"IDLE"}]}
{"dataShape":{"fieldDefinitions":{"SettingsRequestStatus":{"name":"SettingsRequestStatus","description":"","baseType":"STRING","ordinal":2,"aspects":{"isPersistent":true,"dataChangeType":"VALUE","cacheTime":0.0}}}},"rows":[{"SettingsRequestStatus":"IDLE"}]}
{"dataShape":{"fieldDefinitions":{"SettingsRequestStatus":{"name":"SettingsRequestStatus","description":"","baseType":"STRING","ordinal":2,"aspects":{"isPersistent":true,"dataChangeType":"VALUE","cacheTime":0.0}}}},"rows":[{"SettingsRequestStatus":"IDLE"}]}
{"dataShape":{"fieldDefinitions":{"SettingsRequestStatus":{"name":"SettingsRequestStatus","description":"","baseType":"STRING","ordinal":2,"aspects":{"isPersistent":true,"dataChangeType":"VALUE","cacheTime":0.0}}}},"rows":[{"SettingsRequestStatus":"IDLE"}]}
{"dataShape":{"fieldDefinitions":{"SettingsRequestStatus":{"name":"SettingsRequestStatus","description":"","baseType":"STRING","ordinal":2,"aspects":{"isPersistent":true,"dataChangeType":"VALUE","cacheTime":0.0}}}},"rows":[{"SettingsRequestStatus":"IDLE"}]}
{"dataShape":{"fieldDefinitions":{"SettingsRequestStatus":{"name":"SettingsRequestStatus","description":"","baseType":"STRING","ordinal":2,"aspects":{"isPersistent":true,"dataChangeType":"VALUE","cacheTime":0.0}}}},"rows":[{"SettingsRequestStatus":"IDLE"}]}
{"dataShape":{"fieldDefinitions":{"SettingsRequestStatus":{"name":"SettingsRequestStatus","description":"","baseType":"STRING","ordinal":2,"aspects":{"isPersistent":true,"dataChangeType":"VALUE","cacheTime":0.0}}}},"rows":[{"SettingsRequestStatus":"IDLE"}]}
{"dataShape":{"fieldDefinitions":{"SettingsRequestStatus":{"name":"SettingsRequestStatus","description":"","baseType":"STRING","ordinal":2,"aspects":{"isPersistent":true,"dataChangeType":"VALUE","cacheTime":0.0}}}},"rows":[{"SettingsRequestStatus":"IDLE"}]}
{"dataShape":{"fieldDefinitions":{"SettingsRequestStatus":{"name":"SettingsRequestStatus","description":"","baseType":"STRING","ordinal":2,"aspects":{"isPersistent":true,"dataChangeType":"VALUE","cacheTime":0.0}}}},"rows":[{"SettingsRequestStatus":"IDLE"}]}
{"dataShape":{"fieldDefinitions":{"SettingsRequestStatus":{"name":"SettingsRequestStatus","description":"","baseType":"STRING","ordinal":2,"aspects":{"isPersistent":true,"dataChangeType":"VALUE","cacheTime":0.0}}}},"rows":[{"SettingsRequestStatus":"IDLE"}]}
{"dataShape":{"fieldDefinitions":{"SettingsRequestStatus":{"name":"SettingsRequestStatus","description":"","baseType":"STRING","ordinal":2,"aspects":{"isPersistent":true,"dataChangeType":"VALUE","cacheTime":0.0}}}},"rows":[{"SettingsRequestStatus":"IDLE"}]}
{"dataShape":{"fieldDefinitions":{"SettingsRequestStatus":{"name":"SettingsRequestStatus","description":"","baseType":"STRING","ordinal":2,"aspects":{"isPersistent":true,"dataChangeType":"VALUE","cacheTime":0.0}}}},"rows":[{"SettingsRequestStatus":"IDLE"}]}
{"dataShape":{"fieldDefinitions":{"SettingsRequestStatus":{"name":"SettingsRequestStatus","description":"","baseType":"STRING","ordinal":2,"aspects":{"isPersistent":true,"dataChangeType":"VALUE","cacheTime":0.0}}}},"rows":[{"SettingsRequestStatus":"IDLE"}]}
{"dataShape":{"fieldDefinitions":{"SettingsRequestStatus":{"name":"SettingsRequestStatus","description":"","baseType":"STRING","ordinal":2,"aspects":{"isPersistent":true,"dataChangeType":"VALUE","cacheTime":0.0}}}},"rows":[{"SettingsRequestStatus":"IDLE"}]}
{"dataShape":{"fieldDefinitions":{"SettingsRequestStatus":{"name":"SettingsRequestStatus","description":"","baseType":"STRING","ordinal":2,"aspects":{"isPersistent":true,"dataChangeType":"VALUE","cacheTime":0.0}}}},"rows":[{"SettingsRequestStatus":"IDLE"}]}
{"dataShape":{"fieldDefinitions":{"SettingsRequestStatus":{"name":"SettingsRequestStatus","description":"","baseType":"STRING","ordinal":2,"aspects":{"isPersistent":true,"dataChangeType":"VALUE","cacheTime":0.0}}}},"rows":[{"SettingsRequestStatus":"IDLE"}]}
{"dataShape":{"fieldDefinitions":{"SettingsRequestStatus":{"name":"SettingsRequestStatus","description":"","baseType":"STRING","ordinal":2,"aspects":{"isPersistent":true,"dataChangeType":"VALUE","cacheTime":0.0}}}},"rows":[{"SettingsRequestStatus":"IDLE"}]}
{"dataShape":{"fieldDefinitions":{"SettingsRequestStatus":{"name":"SettingsRequestStatus","description":"","baseType":"STRING","ordinal":2,"aspects":{"isPersistent":true,"dataChangeType":"VALUE","cacheTime":0.0}}}},"rows":[{"SettingsRequestStatus":"IDLE"}]}
{"dataShape":{"fieldDefinitions":{"SettingsRequestStatus":{"name":"SettingsRequestStatus","description":"","baseType":"STRING","ordinal":2,"aspects":{"isPersistent":true,"dataChangeType":"VALUE","cacheTime":0.0}}}},"rows":[{"SettingsRequestStatus":"IDLE"}]}
{"dataShape":{"fieldDefinitions":{"SettingsRequestStatus":{"name":"SettingsRequestStatus","description":"","baseType":"STRING","ordinal":2,"aspects":{"isPersistent":true,"dataChangeType":"VALUE","cacheTime":0.0}}}},"rows":[{"SettingsRequestStatus":"IDLE"}]}
{"dataShape":{"fieldDefinitions":{"SettingsRequestStatus":{"name":"SettingsRequestStatus","description":"","baseType":"STRING","ordinal":2,"aspects":{"isPersistent":true,"dataChangeType":"VALUE","cacheTime":0.0}}}},"rows":[{"SettingsRequestStatus":"IDLE"}]}
{"dataShape":{"fieldDefinitions":{"SettingsRequestStatus":{"name":"SettingsRequestStatus","description":"","baseType":"STRING","ordinal":2,"aspects":{"isPersistent":true,"dataChangeType":"VALUE","cacheTime":0.0}}}},"rows":[{"SettingsRequestStatus":"IDLE"}]}
{"dataShape":{"fieldDefinitions":{"SettingsRequestStatus":{"name":"SettingsRequestStatus","description":"","baseType":"STRING","ordinal":2,"aspects":{"isPersistent":true,"dataChangeType":"VALUE","cacheTime":0.0}}}},"rows":[{"SettingsRequestStatus":"IDLE"}]}
{"dataShape":{"fieldDefinitions":{"SettingsRequestStatus":{"name":"SettingsRequestStatus","description":"","baseType":"STRING","ordinal":2,"aspects":{"isPersistent":true,"dataChangeType":"VALUE","cacheTime":0.0}}}},"rows":[{"SettingsRequestStatus":"IDLE"}]}
{"dataShape":{"fieldDefinitions":{"SettingsRequestStatus":{"name":"SettingsRequestStatus","description":"","baseType":"STRING","ordinal":2,"aspects":{"isPersistent":true,"dataChangeType":"VALUE","cacheTime":0.0}}}},"rows":[{"SettingsRequestStatus":"IDLE"}]}
{"dataShape":{"fieldDefinitions":{"SettingsRequestStatus":{"name":"SettingsRequestStatus","description":"","baseType":"STRING","ordinal":2,"aspects":{"isPersistent":true,"dataChangeType":"VALUE","cacheTime":0.0}}}},"rows":[{"SettingsRequestStatus":"IDLE"}]}
{"dataShape":{"fieldDefinitions":{"SettingsRequestStatus":{"name":"SettingsRequestStatus","description":"","baseType":"STRING","ordinal":2,"aspects":{"isPersistent":true,"dataChangeType":"VALUE","cacheTime":0.0}}}},"rows":[{"SettingsRequestStatus":"IDLE"}]}
{"dataShape":{"fieldDefinitions":{"SettingsRequestStatus":{"name":"SettingsRequestStatus","description":"","baseType":"STRING","ordinal":2,"aspects":{"isPersistent":true,"dataChangeType":"VALUE","cacheTime":0.0}}}},"rows":[{"SettingsRequestStatus":"IDLE"}]}
{"dataShape":{"fieldDefinitions":{"SettingsRequestStatus":{"name":"SettingsRequestStatus","description":"","baseType":"STRING","ordinal":2,"aspects":{"isPersistent":true,"dataChangeType":"VALUE","cacheTime":0.0}}}},"rows":[{"SettingsRequestStatus":"IDLE"}]}
{"dataShape":{"fieldDefinitions":{"SettingsRequestStatus":{"name":"SettingsRequestStatus","description":"","baseType":"STRING","ordinal":2,"aspects":{"isPersistent":true,"dataChangeType":"VALUE","cacheTime":0.0}}}},"rows":[{"SettingsRequestStatus":"IDLE"}]}
{"dataShape":{"fieldDefinitions":{"SettingsRequestStatus":{"name":"SettingsRequestStatus","description":"","baseType":"STRING","ordinal":2,"aspects":{"isPersistent":true,"dataChangeType":"VALUE","cacheTime":0.0}}}},"rows":[{"SettingsRequestStatus":"IDLE"}]}
{"dataShape":{"fieldDefinitions":{"SettingsRequestStatus":{"name":"SettingsRequestStatus","description":"","baseType":"STRING","ordinal":2,"aspects":{"isPersistent":true,"dataChangeType":"VALUE","cacheTime":0.0}}}},"rows":[{"SettingsRequestStatus":"IDLE"}]}
{"dataShape":{"fieldDefinitions":{"SettingsRequestStatus":{"name":"SettingsRequestStatus","description":"","baseType":"STRING","ordinal":2,"aspects":{"isPersistent":true,"dataChangeType":"VALUE","cacheTime":0.0}}}},"rows":[{"SettingsRequestStatus":"IDLE"}]}
{"dataShape":{"fieldDefinitions":{"SettingsRequestStatus":{"name":"SettingsRequestStatus","description":"","baseType":"STRING","ordinal":2,"aspects":{"isPersistent":true,"dataChangeType":"VALUE","cacheTime":0.0}}}},"rows":[{"SettingsRequestStatus":"IDLE"}]}
{"dataShape":{"fieldDefinitions":{"SettingsRequestStatus":{"name":"SettingsRequestStatus","description":"","baseType":"STRING","ordinal":2,"aspects":{"isPersistent":true,"dataChangeType":"VALUE","cacheTime":0.0}}}},"rows":[{"SettingsRequestStatus":"IDLE"}]}
{"dataShape":{"fieldDefinitions":{"SettingsRequestStatus":{"name":"SettingsRequestStatus","description":"","baseType":"STRING","ordinal":2,"aspects":{"isPersistent":true,"dataChangeType":"VALUE","cacheTime":0.0}}}},"rows":[{"SettingsRequestStatus":"IDLE"}]}
{"dataShape":{"fieldDefinitions":{"SettingsRequestStatus":{"name":"SettingsRequestStatus","description":"","baseType":"STRING","ordinal":2,"aspects":{"isPersistent":true,"dataChangeType":"VALUE","cacheTime":0.0}}}},"rows":[{"SettingsRequestStatus":"IDLE"}]}
{"dataShape":{"fieldDefinitions":{"SettingsRequestStatus":{"name":"SettingsRequestStatus","description":"","baseType":"STRING","ordinal":2,"aspects":{"isPersistent":true,"dataChangeType":"VALUE","cacheTime":0.0}}}},"rows":[{"SettingsRequestStatus":"IDLE"}]}
{"dataShape":{"fieldDefinitions":{"SettingsRequestStatus":{"name":"SettingsRequestStatus","description":"","baseType":"STRING","ordinal":2,"aspects":{"isPersistent":true,"dataChangeType":"VALUE","cacheTime":0.0}}}},"rows":[{"SettingsRequestStatus":"IDLE"}]}
{"dataShape":{"fieldDefinitions":{"SettingsRequestStatus":{"name":"SettingsRequestStatus","description":"","baseType":"STRING","ordinal":2,"aspects":{"isPersistent":true,"dataChangeType":"VALUE","cacheTime":0.0}}}},"rows":[{"SettingsRequestStatus":"IDLE"}]}
{"dataShape":{"fieldDefinitions":{"SettingsRequestStatus":{"name":"SettingsRequestStatus","description":"","baseType":"STRING","ordinal":2,"aspects":{"isPersistent":true,"dataChangeType":"VALUE","cacheTime":0.0}}}},"rows":[{"SettingsRequestStatus":"IDLE"}]}
{"dataShape":{"fieldDefinitions":{"SettingsRequestStatus":{"name":"SettingsRequestStatus","description":"","baseType":"STRING","ordinal":2,"aspects":{"isPersistent":true,"dataChangeType":"VALUE","cacheTime":0.0}}}},"rows":[{"SettingsRequestStatus":"IDLE"}]}
{"dataShape":{"fieldDefinitions":{"SettingsRequestStatus":{"name":"SettingsRequestStatus","description":"","baseType":"STRING","ordinal":2,"aspects":{"isPersistent":true,"dataChangeType":"VALUE","cacheTime":0.0}}}},"rows":[{"SettingsRequestStatus":"IDLE"}]}
{"dataShape":{"fieldDefinitions":{"SettingsRequestStatus":{"name":"SettingsRequestStatus","description":"","baseType":"STRING","ordinal":2,"aspects":{"isPersistent":true,"dataChangeType":"VALUE","cacheTime":0.0}}}},"rows":[{"SettingsRequestStatus":"IDLE"}]}
{"dataShape":{"fieldDefinitions":{"SettingsRequestStatus":{"name":"SettingsRequestStatus","description":"","baseType":"STRING","ordinal":2,"aspects":{"isPersistent":true,"dataChangeType":"VALUE","cacheTime":0.0}}}},"rows":[{"SettingsRequestStatus":"IDLE"}]}
{"dataShape":{"fieldDefinitions":{"SettingsRequestStatus":{"name":"SettingsRequestStatus","description":"","baseType":"STRING","ordinal":2,"aspects":{"isPersistent":true,"dataChangeType":"VALUE","cacheTime":0.0}}}},"rows":[{"SettingsRequestStatus":"IDLE"}]}
{"dataShape":{"fieldDefinitions":{"SettingsRequestStatus":{"name":"SettingsRequestStatus","description":"","baseType":"STRING","ordinal":2,"aspects":{"isPersistent":true,"dataChangeType":"VALUE","cacheTime":0.0}}}},"rows":[{"SettingsRequestStatus":"IDLE"}]}
{"dataShape":{"fieldDefinitions":{"SettingsRequestStatus":{"name":"SettingsRequestStatus","description":"","baseType":"STRING","ordinal":2,"aspects":{"isPersistent":true,"dataChangeType":"VALUE","cacheTime":0.0}}}},"rows":[{"SettingsRequestStatus":"IDLE"}]}
{"dataShape":{"fieldDefinitions":{"SettingsRequestStatus":{"name":"SettingsRequestStatus","description":"","baseType":"STRING","ordinal":2,"aspects":{"isPersistent":true,"dataChangeType":"VALUE","cacheTime":0.0}}}},"rows":[{"SettingsRequestStatus":"IDLE"}]}
{"dataShape":{"fieldDefinitions":{"SettingsRequestStatus":{"name":"SettingsRequestStatus","description":"","baseType":"STRING","ordinal":2,"aspects":{"isPersistent":true,"dataChangeType":"VALUE","cacheTime":0.0}}}},"rows":[{"SettingsRequestStatus":"IDLE"}]}
{"dataShape":{"fieldDefinitions":{"SettingsRequestStatus":{"name":"SettingsRequestStatus","description":"","baseType":"STRING","ordinal":2,"aspects":{"isPersistent":true,"dataChangeType":"VALUE","cacheTime":0.0}}}},"rows":[{"SettingsRequestStatus":"IDLE"}]}
{"dataShape":{"fieldDefinitions":{"SettingsRequestStatus":{"name":"SettingsRequestStatus","description":"","baseType":"STRING","ordinal":2,"aspects":{"isPersistent":true,"dataChangeType":"VALUE","cacheTime":0.0}}}},"rows":[{"SettingsRequestStatus":"IDLE"}]}
{"dataShape":{"fieldDefinitions":{"SettingsRequestStatus":{"name":"SettingsRequestStatus","description":"","baseType":"STRING","ordinal":2,"aspects":{"isPersistent":true,"dataChangeType":"VALUE","cacheTime":0.0}}}},"rows":[{"SettingsRequestStatus":"IDLE"}]}
{"dataShape":{"fieldDefinitions":{"SettingsRequestStatus":{"name":"SettingsRequestStatus","description":"","baseType":"STRING","ordinal":2,"aspects":{"isPersistent":true,"dataChangeType":"VALUE","cacheTime":0.0}}}},"rows":[{"SettingsRequestStatus":"IDLE"}]}
{"dataShape":{"fieldDefinitions":{"SettingsRequestStatus":{"name":"SettingsRequestStatus","description":"","baseType":"STRING","ordinal":2,"aspects":{"isPersistent":true,"dataChangeType":"VALUE","cacheTime":0.0}}}},"rows":[{"SettingsRequestStatus":"IDLE"}]}
{"dataShape":{"fieldDefinitions":{"SettingsRequestStatus":{"name":"SettingsRequestStatus","description":"","baseType":"STRING","ordinal":2,"aspects":{"isPersistent":true,"dataChangeType":"VALUE","cacheTime":0.0}}}},"rows":[{"SettingsRequestStatus":"IDLE"}]}
{"dataShape":{"fieldDefinitions":{"SettingsRequestStatus":{"name":"SettingsRequestStatus","description":"","baseType":"STRING","ordinal":2,"aspects":{"isPersistent":true,"dataChangeType":"VALUE","cacheTime":0.0}}}},"rows":[{"SettingsRequestStatus":"IDLE"}]}
{"dataShape":{"fieldDefinitions":{"SettingsRequestStatus":{"name":"SettingsRequestStatus","description":"","baseType":"STRING","ordinal":2,"aspects":{"isPersistent":true,"dataChangeType":"VALUE","cacheTime":0.0}}}},"rows":[{"SettingsRequestStatus":"IDLE"}]}
{"dataShape":{"fieldDefinitions":{"SettingsRequestStatus":{"name":"SettingsRequestStatus","description":"","baseType":"STRING","ordinal":2,"aspects":{"isPersistent":true,"dataChangeType":"VALUE","cacheTime":0.0}}}},"rows":[{"SettingsRequestStatus":"IDLE"}]}
{"dataShape":{"fieldDefinitions":{"SettingsRequestStatus":{"name":"SettingsRequestStatus","description":"","baseType":"STRING","ordinal":2,"aspects":{"isPersistent":true,"dataChangeType":"VALUE","cacheTime":0.0}}}},"rows":[{"SettingsRequestStatus":"IDLE"}]}
{"dataShape":{"fieldDefinitions":{"SettingsRequestStatus":{"name":"SettingsRequestStatus","description":"","baseType":"STRING","ordinal":2,"aspects":{"isPersistent":true,"dataChangeType":"VALUE","cacheTime":0.0}}}},"rows":[{"SettingsRequestStatus":"IDLE"}]}
{"dataShape":{"fieldDefinitions":{"SettingsRequestStatus":{"name":"SettingsRequestStatus","description":"","baseType":"STRING","ordinal":2,"aspects":{"isPersistent":true,"dataChangeType":"VALUE","cacheTime":0.0}}}},"rows":[{"SettingsRequestStatus":"IDLE"}]}
{"dataShape":{"fieldDefinitions":{"SettingsRequestStatus":{"name":"SettingsRequestStatus","description":"","baseType":"STRING","ordinal":2,"aspects":{"isPersistent":true,"dataChangeType":"VALUE","cacheTime":0.0}}}},"rows":[{"SettingsRequestStatus":"IDLE"}]}
{"dataShape":{"fieldDefinitions":{"SettingsRequestStatus":{"name":"SettingsRequestStatus","description":"","baseType":"STRING","ordinal":2,"aspects":{"isPersistent":true,"dataChangeType":"VALUE","cacheTime":0.0}}}},"rows":[{"SettingsRequestStatus":"IDLE"}]}
{"dataShape":{"fieldDefinitions":{"SettingsRequestStatus":{"name":"SettingsRequestStatus","description":"","baseType":"STRING","ordinal":2,"aspects":{"isPersistent":true,"dataChangeType":"VALUE","cacheTime":0.0}}}},"rows":[{"SettingsRequestStatus":"IDLE"}]}
{"dataShape":{"fieldDefinitions":{"SettingsRequestStatus":{"name":"SettingsRequestStatus","description":"","baseType":"STRING","ordinal":2,"aspects":{"isPersistent":true,"dataChangeType":"VALUE","cacheTime":0.0}}}},"rows":[{"SettingsRequestStatus":"IDLE"}]}
{"dataShape":{"fieldDefinitions":{"SettingsRequestStatus":{"name":"SettingsRequestStatus","description":"","baseType":"STRING","ordinal":2,"aspects":{"isPersistent":true,"dataChangeType":"VALUE","cacheTime":0.0}}}},"rows":[{"SettingsRequestStatus":"IDLE"}]}
{"dataShape":{"fieldDefinitions":{"SettingsRequestStatus":{"name":"SettingsRequestStatus","description":"","baseType":"STRING","ordinal":2,"aspects":{"isPersistent":true,"dataChangeType":"VALUE","cacheTime":0.0}}}},"rows":[{"SettingsRequestStatus":"IDLE"}]}
{"dataShape":{"fieldDefinitions":{"SettingsRequestStatus":{"name":"SettingsRequestStatus","description":"","baseType":"STRING","ordinal":2,"aspects":{"isPersistent":true,"dataChangeType":"VALUE","cacheTime":0.0}}}},"rows":[{"SettingsRequestStatus":"IDLE"}]}
{"dataShape":{"fieldDefinitions":{"SettingsRequestStatus":{"name":"SettingsRequestStatus","description":"","baseType":"STRING","ordinal":2,"aspects":{"isPersistent":true,"dataChangeType":"VALUE","cacheTime":0.0}}}},"rows":[{"SettingsRequestStatus":"IDLE"}]}
{"dataShape":{"fieldDefinitions":{"SettingsRequestStatus":{"name":"SettingsRequestStatus","description":"","baseType":"STRING","ordinal":2,"aspects":{"isPersistent":true,"dataChangeType":"VALUE","cacheTime":0.0}}}},"rows":[{"SettingsRequestStatus":"IDLE"}]}
{"dataShape":{"fieldDefinitions":{"SettingsRequestStatus":{"name":"SettingsRequestStatus","description":"","baseType":"STRING","ordinal":2,"aspects":{"isPersistent":true,"dataChangeType":"VALUE","cacheTime":0.0}}}},"rows":[{"SettingsRequestStatus":"IDLE"}]}
{"dataShape":{"fieldDefinitions":{"SettingsRequestStatus":{"name":"SettingsRequestStatus","description":"","baseType":"STRING","ordinal":2,"aspects":{"isPersistent":true,"dataChangeType":"VALUE","cacheTime":0.0}}}},"rows":[{"SettingsRequestStatus":"IDLE"}]}
{"dataShape":{"fieldDefinitions":{"SettingsRequestStatus":{"name":"SettingsRequestStatus","description":"","baseType":"STRING","ordinal":2,"aspects":{"isPersistent":true,"dataChangeType":"VALUE","cacheTime":0.0}}}},"rows":[{"SettingsRequestStatus":"IDLE"}]}
{"dataShape":{"fieldDefinitions":{"SettingsRequestStatus":{"name":"SettingsRequestStatus","description":"","baseType":"STRING","ordinal":2,"aspects":{"isPersistent":true,"dataChangeType":"VALUE","cacheTime":0.0}}}},"rows":[{"SettingsRequestStatus":"IDLE"}]}
{"dataShape":{"fieldDefinitions":{"SettingsRequestStatus":{"name":"SettingsRequestStatus","description":"","baseType":"STRING","ordinal":2,"aspects":{"isPersistent":true,"dataChangeType":"VALUE","cacheTime":0.0}}}},"rows":[{"SettingsRequestStatus":"IDLE"}]}
{"dataShape":{"fieldDefinitions":{"SettingsRequestStatus":{"name":"SettingsRequestStatus","description":"","baseType":"STRING","ordinal":2,"aspects":{"isPersistent":true,"dataChangeType":"VALUE","cacheTime":0.0}}}},"rows":[{"SettingsRequestStatus":"IDLE"}]}
{"dataShape":{"fieldDefinitions":{"SettingsRequestStatus":{"name":"SettingsRequestStatus","description":"","baseType":"STRING","ordinal":2,"aspects":{"isPersistent":true,"dataChangeType":"VALUE","cacheTime":0.0}}}},"rows":[{"SettingsRequestStatus":"IDLE"}]}
{"dataShape":{"fieldDefinitions":{"SettingsRequestStatus":{"name":"SettingsRequestStatus","description":"","baseType":"STRING","ordinal":2,"aspects":{"isPersistent":true,"dataChangeType":"VALUE","cacheTime":0.0}}}},"rows":[{"SettingsRequestStatus":"IDLE"}]}
{"dataShape":{"fieldDefinitions":{"SettingsRequestStatus":{"name":"SettingsRequestStatus","description":"","baseType":"STRING","ordinal":2,"aspects":{"isPersistent":true,"dataChangeType":"VALUE","cacheTime":0.0}}}},"rows":[{"SettingsRequestStatus":"IDLE"}]}
{"dataShape":{"fieldDefinitions":{"SettingsRequestStatus":{"name":"SettingsRequestStatus","description":"","baseType":"STRING","ordinal":2,"aspects":{"isPersistent":true,"dataChangeType":"VALUE","cacheTime":0.0}}}},"rows":[{"SettingsRequestStatus":"IDLE"}]}
{"dataShape":{"fieldDefinitions":{"SettingsRequestStatus":{"name":"SettingsRequestStatus","description":"","baseType":"STRING","ordinal":2,"aspects":{"isPersistent":true,"dataChangeType":"VALUE","cacheTime":0.0}}}},"rows":[{"SettingsRequestStatus":"IDLE"}]}
{"dataShape":{"fieldDefinitions":{"SettingsRequestStatus":{"name":"SettingsRequestStatus","description":"","baseType":"STRING","ordinal":2,"aspects":{"isPersistent":true,"dataChangeType":"VALUE","cacheTime":0.0}}}},"rows":[{"SettingsRequestStatus":"IDLE"}]}
{"dataShape":{"fieldDefinitions":{"SettingsRequestStatus":{"name":"SettingsRequestStatus","description":"","baseType":"STRING","ordinal":2,"aspects":{"isPersistent":true,"dataChangeType":"VALUE","cacheTime":0.0}}}},"rows":[{"SettingsRequestStatus":"IDLE"}]}
{"dataShape":{"fieldDefinitions":{"SettingsRequestStatus":{"name":"SettingsRequestStatus","description":"","baseType":"STRING","ordinal":2,"aspects":{"isPersistent":true,"dataChangeType":"VALUE","cacheTime":0.0}}}},"rows":[{"SettingsRequestStatus":"IDLE"}]}
{"dataShape":{"fieldDefinitions":{"SettingsRequestStatus":{"name":"SettingsRequestStatus","description":"","baseType":"STRING","ordinal":2,"aspects":{"isPersistent":true,"dataChangeType":"VALUE","cacheTime":0.0}}}},"rows":[{"SettingsRequestStatus":"IDLE"}]}
{"dataShape":{"fieldDefinitions":{"SettingsRequestStatus":{"name":"SettingsRequestStatus","description":"","baseType":"STRING","ordinal":2,"aspects":{"isPersistent":true,"dataChangeType":"VALUE","cacheTime":0.0}}}},"rows":[{"SettingsRequestStatus":"IDLE"}]}
{"dataShape":{"fieldDefinitions":{"SettingsRequestStatus":{"name":"SettingsRequestStatus","description":"","baseType":"STRING","ordinal":2,"aspects":{"isPersistent":true,"dataChangeType":"VALUE","cacheTime":0.0}}}},"rows":[{"SettingsRequestStatus":"IDLE"}]}
{"dataShape":{"fieldDefinitions":{"SettingsRequestStatus":{"name":"SettingsRequestStatus","description":"","baseType":"STRING","ordinal":2,"aspects":{"isPersistent":true,"dataChangeType":"VALUE","cacheTime":0.0}}}},"rows":[{"SettingsRequestStatus":"IDLE"}]}
{"dataShape":{"fieldDefinitions":{"SettingsRequestStatus":{"name":"SettingsRequestStatus","description":"","baseType":"STRING","ordinal":2,"aspects":{"isPersistent":true,"dataChangeType":"VALUE","cacheTime":0.0}}}},"rows":[{"SettingsRequestStatus":"IDLE"}]}
{"dataShape":{"fieldDefinitions":{"SettingsRequestStatus":{"name":"SettingsRequestStatus","description":"","baseType":"STRING","ordinal":2,"aspects":{"isPersistent":true,"dataChangeType":"VALUE","cacheTime":0.0}}}},"rows":[{"SettingsRequestStatus":"IDLE"}]}
{"dataShape":{"fieldDefinitions":{"SettingsRequestStatus":{"name":"SettingsRequestStatus","description":"","baseType":"STRING","ordinal":2,"aspects":{"isPersistent":true,"dataChangeType":"VALUE","cacheTime":0.0}}}},"rows":[{"SettingsRequestStatus":"IDLE"}]}
{"dataShape":{"fieldDefinitions":{"SettingsRequestStatus":{"name":"SettingsRequestStatus","description":"","baseType":"STRING","ordinal":2,"aspects":{"isPersistent":true,"dataChangeType":"VALUE","cacheTime":0.0}}}},"rows":[{"SettingsRequestStatus":"IDLE"}]}
{"dataShape":{"fieldDefinitions":{"SettingsRequestStatus":{"name":"SettingsRequestStatus","description":"","baseType":"STRING","ordinal":2,"aspects":{"isPersistent":true,"dataChangeType":"VALUE","cacheTime":0.0}}}},"rows":[{"SettingsRequestStatus":"IDLE"}]}
{"dataShape":{"fieldDefinitions":{"SettingsRequestStatus":{"name":"SettingsRequestStatus","description":"","baseType":"STRING","ordinal":2,"aspects":{"isPersistent":true,"dataChangeType":"VALUE","cacheTime":0.0}}}},"rows":[{"SettingsRequestStatus":"IDLE"}]}
{"dataShape":{"fieldDefinitions":{"SettingsRequestStatus":{"name":"SettingsRequestStatus","description":"","baseType":"STRING","ordinal":2,"aspects":{"isPersistent":true,"dataChangeType":"VALUE","cacheTime":0.0}}}},"rows":[{"SettingsRequestStatus":"IDLE"}]}
{"dataShape":{"fieldDefinitions":{"SettingsRequestStatus":{"name":"SettingsRequestStatus","description":"","baseType":"STRING","ordinal":2,"aspects":{"isPersistent":true,"dataChangeType":"VALUE","cacheTime":0.0}}}},"rows":[{"SettingsRequestStatus":"IDLE"}]}
{"dataShape":{"fieldDefinitions":{"SettingsRequestStatus":{"name":"SettingsRequestStatus","description":"","baseType":"STRING","ordinal":2,"aspects":{"isPersistent":true,"dataChangeType":"VALUE","cacheTime":0.0}}}},"rows":[{"SettingsRequestStatus":"IDLE"}]}
{"dataShape":{"fieldDefinitions":{"SettingsRequestStatus":{"name":"SettingsRequestStatus","description":"","baseType":"STRING","ordinal":2,"aspects":{"isPersistent":true,"dataChangeType":"VALUE","cacheTime":0.0}}}},"rows":[{"SettingsRequestStatus":"IDLE"}]}
{"dataShape":{"fieldDefinitions":{"SettingsRequestStatus":{"name":"SettingsRequestStatus","description":"","baseType":"STRING","ordinal":2,"aspects":{"isPersistent":true,"dataChangeType":"VALUE","cacheTime":0.0}}}},"rows":[{"SettingsRequestStatus":"IDLE"}]}
{"dataShape":{"fieldDefinitions":{"SettingsRequestStatus":{"name":"SettingsRequestStatus","description":"","baseType":"STRING","ordinal":2,"aspects":{"isPersistent":true,"dataChangeType":"VALUE","cacheTime":0.0}}}},"rows":[{"SettingsRequestStatus":"IDLE"}]}
{"dataShape":{"fieldDefinitions":{"SettingsRequestStatus":{"name":"SettingsRequestStatus","description":"","baseType":"STRING","ordinal":2,"aspects":{"isPersistent":true,"dataChangeType":"VALUE","cacheTime":0.0}}}},"rows":[{"SettingsRequestStatus":"IDLE"}]}
{"dataShape":{"fieldDefinitions":{"SettingsRequestStatus":{"name":"SettingsRequestStatus","description":"","baseType":"STRING","ordinal":2,"aspects":{"isPersistent":true,"dataChangeType":"VALUE","cacheTime":0.0}}}},"rows":[{"SettingsRequestStatus":"IDLE"}]}
{"dataShape":{"fieldDefinitions":{"SettingsRequestStatus":{"name":"SettingsRequestStatus","description":"","baseType":"STRING","ordinal":2,"aspects":{"isPersistent":true,"dataChangeType":"VALUE","cacheTime":0.0}}}},"rows":[{"SettingsRequestStatus":"IDLE"}]}
{"dataShape":{"fieldDefinitions":{"SettingsRequestStatus":{"name":"SettingsRequestStatus","description":"","baseType":"STRING","ordinal":2,"aspects":{"isPersistent":true,"dataChangeType":"VALUE","cacheTime":0.0}}}},"rows":[{"SettingsRequestStatus":"IDLE"}]}
{"dataShape":{"fieldDefinitions":{"SettingsRequestStatus":{"name":"SettingsRequestStatus","description":"","baseType":"STRING","ordinal":2,"aspects":{"isPersistent":true,"dataChangeType":"VALUE","cacheTime":0.0}}}},"rows":[{"SettingsRequestStatus":"IDLE"}]}
{"dataShape":{"fieldDefinitions":{"SettingsRequestStatus":{"name":"SettingsRequestStatus","description":"","baseType":"STRING","ordinal":2,"aspects":{"isPersistent":true,"dataChangeType":"VALUE","cacheTime":0.0}}}},"rows":[{"SettingsRequestStatus":"IDLE"}]}
{"dataShape":{"fieldDefinitions":{"SettingsRequestStatus":{"name":"SettingsRequestStatus","description":"","baseType":"STRING","ordinal":2,"aspects":{"isPersistent":true,"dataChangeType":"VALUE","cacheTime":0.0}}}},"rows":[{"SettingsRequestStatus":"IDLE"}]}
{"dataShape":{"fieldDefinitions":{"SettingsRequestStatus":{"name":"SettingsRequestStatus","description":"","baseType":"STRING","ordinal":2,"aspects":{"isPersistent":true,"dataChangeType":"VALUE","cacheTime":0.0}}}},"rows":[{"SettingsRequestStatus":"IDLE"}]}
{"dataShape":{"fieldDefinitions":{"SettingsRequestStatus":{"name":"SettingsRequestStatus","description":"","baseType":"STRING","ordinal":2,"aspects":{"isPersistent":true,"dataChangeType":"VALUE","cacheTime":0.0}}}},"rows":[{"SettingsRequestStatus":"IDLE"}]}
{"dataShape":{"fieldDefinitions":{"SettingsRequestStatus":{"name":"SettingsRequestStatus","description":"","baseType":"STRING","ordinal":2,"aspects":{"isPersistent":true,"dataChangeType":"VALUE","cacheTime":0.0}}}},"rows":[{"SettingsRequestStatus":"IDLE"}]}
{"dataShape":{"fieldDefinitions":{"result":{"name":"result","description":"","baseType":"BOOLEAN","ordinal":0,"aspects":{}}}},"rows":[{"result":true}]}
{}
{"dataShape":{"fieldDefinitions":{"isReporting":{"name":"isReporting","description":"Health of this device's connection","baseType":"BOOLEAN","ordinal":0,"aspects":{"isReadOnly":true,"defaultValue":false,"isPersistent":false}}}},"rows":[{"isReporting":true}]}
{"dataShape":{"fieldDefinitions":{"isReporting":{"name":"isReporting","description":"Health of this device's connection","baseType":"BOOLEAN","ordinal":0,"aspects":{"isReadOnly":true,"defaultValue":false,"isPersistent":false}}}},"rows":[{"isReporting":true}]}
{}
200
{"dataShape":{"fieldDefinitions":{"result":{"name":"result","description":"","baseType":"STRING","ordinal":0,"aspects":{}}}},"rows":[{"result":"a1b2b95a-9918-489e-beb3-e5e6f2116d0b"}]}
{"dataShape":{"fieldDefinitions":{"DeviceStatus":{"name":"DeviceStatus","description":"","baseType":"STRING","ordinal":7,"aspects":{"isPersistent":true,"isLogged":true,"dataChangeType":"VALUE","cacheTime":0.0}}}},"rows":[{"DeviceStatus":"POWERED_UPPP"}]}
{}
{"dataShape":{"fieldDefinitions":{"DeviceStatus":{"name":"DeviceStatus","description":"","baseType":"STRING","ordinal":7,"aspects":{"isPersistent":true,"isLogged":true,"dataChangeType":"VALUE","cacheTime":0.0}}}},"rows":[{"DeviceStatus":"SHUTTING_DOWN"}]}
{}
{"dataShape":{"fieldDefinitions":{"DeviceStatus":{"name":"DeviceStatus","description":"","baseType":"STRING","ordinal":7,"aspects":{"isPersistent":true,"isLogged":true,"dataChangeType":"VALUE","cacheTime":0.0}}}},"rows":[{"DeviceStatus":"POWERED_UP"}]}
200
{"dataShape":{"fieldDefinitions":{"result":{"name":"result","description":"","baseType":"STRING","ordinal":0,"aspects":{}}}},"rows":[{"result":"d5e042d9-fe89-41be-8ffb-ae48b407f600"}]}
200
200
{"dataShape":{"fieldDefinitions":{"result":{"name":"result","description":"","baseType":"STRING","ordinal":0,"aspects":{}}}},"rows":[{"result":"1f09c988-ebbc-4cc7-b2cf-733c4c4dc6c4"}]}
]]></system-out>
  <system-err><![CDATA[SLF4J: Failed to load class "org.slf4j.impl.StaticLoggerBinder".
SLF4J: Defaulting to no-operation (NOP) logger implementation
SLF4J: See http://www.slf4j.org/codes.html#StaticLoggerBinder for further details.
]]></system-err>
</testsuite>
