<?xml version="1.0" encoding="UTF-8"?>
<testsuite name="RestBaxter.LibraryTest" tests="1" skipped="0" failures="0" errors="0" timestamp="2020-09-24T08:14:41" hostname="L1347" time="0.002">
  <properties/>
  <testcase name="testSomeLibraryMethod" classname="RestBaxter.LibraryTest" time="0.002"/>
  <system-out><![CDATA[]]></system-out>
  <system-err><![CDATA[]]></system-err>
</testsuite>
